<?xml version="1.0" encoding="UTF-8"?>
<!-- Generated by org.testng.reporters.JUnitReportReporter -->
<testsuite hostname="DESKTOP-UVE6BKF" failures="0" tests="1" name="rejenkins.Testcase2test" time="0.000" errors="0" timestamp="2023-01-10T12:14:42 IST" skipped="0">
  <testcase classname="rejenkins.Testcase2test" name="m2" time="0.000"/>
  <system-out>
    <![CDATA[Hii]]>
  </system-out>
</testsuite> <!-- rejenkins.Testcase2test -->
