<?xml version="1.0" encoding="UTF-8"?>
<!-- Generated by org.testng.reporters.JUnitReportReporter -->
<testsuite hostname="DESKTOP-UVE6BKF" failures="0" tests="1" name="rejenkins.Testcase1test" time="0.011" errors="0" timestamp="2023-01-10T12:14:42 IST" skipped="0">
  <testcase classname="rejenkins.Testcase1test" name="m1" time="0.011"/>
  <system-out>
    <![CDATA[Hello]]>
  </system-out>
</testsuite> <!-- rejenkins.Testcase1test -->
