<?xml version="1.0" encoding="UTF-8"?>
<!-- Generated by org.testng.reporters.JUnitReportReporter -->
<testsuite hostname="DESKTOP-UVE6BKF" failures="0" tests="1" name="rejenkins.Testcase3test" time="0.001" errors="0" timestamp="2023-01-10T15:36:20 IST" skipped="0">
  <testcase classname="rejenkins.Testcase3test" name="m3" time="0.001"/>
  <system-out>
    <![CDATA[bye bye]]>
  </system-out>
</testsuite> <!-- rejenkins.Testcase3test -->
